#
# There is insufficient memory for the Java Runtime Environment to continue.
# Native memory allocation (malloc) failed to allocate 32744 bytes for ChunkPool::allocate
# Possible reasons:
#   The system is out of physical RAM or swap space
#   In 32 bit mode, the process size limit was hit
# Possible solutions:
#   Reduce memory load on the system
#   Increase physical memory or swap space
#   Check if swap backing store is full
#   Use 64 bit Java on a 64 bit OS
#   Decrease Java heap size (-Xmx/-Xms)
#   Decrease number of Java threads
#   Decrease Java thread stack sizes (-Xss)
#   Set larger code cache with -XX:ReservedCodeCacheSize=
# This output file may be truncated or incomplete.
#
#  Out of Memory Error (allocation.cpp:273), pid=10268, tid=0x0000000000004e3c
#
# JRE version: OpenJDK Runtime Environment (8.0_112-b06) (build 1.8.0_112-release-b06)
# Java VM: OpenJDK 64-Bit Server VM (25.112-b06 mixed mode windows-amd64 compressed oops)
# Failed to write core dump. Minidumps are not enabled by default on client versions of Windows
#

---------------  T H R E A D  ---------------

Current thread (0x0000000015a8a000):  JavaThread "C2 CompilerThread0" daemon [_thread_in_vm, id=20028, stack(0x00000000174a0000,0x00000000175a0000)]

Stack: [0x00000000174a0000,0x00000000175a0000]
[error occurred during error reporting (printing stack bounds), id 0xc0000005]

Native frames: (J=compiled Java code, j=interpreted, Vv=VM code, C=native code)


Current CompileTask:
C2:   5057  525       4       java.util.HashMap::getNode (148 bytes)


---------------  P R O C E S S  ---------------

Java Threads: ( => current thread )
  0x000000001712e000 JavaThread "pool-2-thread-4" [_thread_blocked, id=24236, stack(0x0000000017da0000,0x0000000017ea0000)]
  0x000000001712d000 JavaThread "pool-2-thread-3" [_thread_in_Java, id=15628, stack(0x0000000017ca0000,0x0000000017da0000)]
  0x000000001712b800 JavaThread "pool-2-thread-2" [_thread_in_Java, id=22368, stack(0x0000000017ba0000,0x0000000017ca0000)]
  0x000000001711c800 JavaThread "pool-3-thread-1" [_thread_blocked, id=21664, stack(0x0000000017aa0000,0x0000000017ba0000)]
  0x0000000017109800 JavaThread "pool-2-thread-1" [_thread_in_Java, id=23488, stack(0x00000000179a0000,0x0000000017aa0000)]
  0x0000000016f00800 JavaThread "Service Thread" daemon [_thread_blocked, id=19384, stack(0x00000000177a0000,0x00000000178a0000)]
  0x0000000016efc800 JavaThread "C1 CompilerThread2" daemon [_thread_in_native, id=3088, stack(0x00000000176a0000,0x00000000177a0000)]
  0x0000000016efa800 JavaThread "C2 CompilerThread1" daemon [_thread_blocked, id=6536, stack(0x00000000175a0000,0x00000000176a0000)]
=>0x0000000015a8a000 JavaThread "C2 CompilerThread0" daemon [_thread_in_vm, id=20028, stack(0x00000000174a0000,0x00000000175a0000)]
  0x0000000016ea8800 JavaThread "Attach Listener" daemon [_thread_blocked, id=17628, stack(0x00000000173a0000,0x00000000174a0000)]
  0x0000000015a3e000 JavaThread "Signal Dispatcher" daemon [_thread_blocked, id=12304, stack(0x00000000172a0000,0x00000000173a0000)]
  0x0000000003327000 JavaThread "Finalizer" daemon [_thread_blocked, id=24544, stack(0x0000000016c90000,0x0000000016d90000)]
  0x0000000003322000 JavaThread "Reference Handler" daemon [_thread_blocked, id=22160, stack(0x0000000016b90000,0x0000000016c90000)]
  0x0000000002c3e000 JavaThread "main" [_thread_blocked, id=5888, stack(0x0000000003110000,0x0000000003210000)]

Other Threads:
  0x00000000159f6800 VMThread [stack: 0x0000000016a90000,0x0000000016b90000] [id=11256]
  0x0000000016f03000 WatcherThread [stack: 0x00000000178a0000,0x00000000179a0000] [id=3696]

VM state:not at safepoint (normal execution)

VM Mutex/Monitor currently owned by a thread: None

Heap:
 PSYoungGen      total 18944K, used 12198K [0x00000000eab00000, 0x00000000ec000000, 0x0000000100000000)
  eden space 16384K, 74% used [0x00000000eab00000,0x00000000eb6e99a8,0x00000000ebb00000)
  from space 2560K, 0% used [0x00000000ebd80000,0x00000000ebd80000,0x00000000ec000000)
  to   space 2560K, 0% used [0x00000000ebb00000,0x00000000ebb00000,0x00000000ebd80000)
 ParOldGen       total 44032K, used 0K [0x00000000c0000000, 0x00000000c2b00000, 0x00000000eab00000)
  object space 44032K, 0% used [0x00000000c0000000,0x00000000c0000000,0x00000000c2b00000)
 Metaspace       used 5431K, capacity 6512K, committed 6784K, reserved 1056768K
  class space    used 570K, capacity 616K, committed 640K, reserved 1048576K

Card table byte_map: [0x0000000012700000,0x0000000012910000] byte_map_base: 0x0000000012100000

Marking Bits: (ParMarkBitMap*) 0x00000000636a18f0
 Begin Bits: [0x0000000012e70000, 0x0000000013e70000)
 End Bits:   [0x0000000013e70000, 0x0000000014e70000)

Polling page: 0x0000000003210000

CodeCache: size=245760Kb used=2147Kb max_used=2147Kb free=243612Kb
 bounds [0x0000000003340000, 0x00000000035b0000, 0x0000000012340000]
 total_blobs=773 nmethods=508 adapters=179
 compilation: enabled

Compilation events (10 events):
Event: 5.027 Thread 0x0000000016efc800  505       3       com.android.dx.ssa.SCCP::simulateStmt (481 bytes)
Event: 5.030 Thread 0x0000000016efc800 nmethod 505 0x0000000003555350 code [0x00000000035556a0, 0x0000000003557678]
Event: 5.030 Thread 0x0000000016efc800  506       3       com.android.dx.ssa.SsaMethod::updateOneDefinition (70 bytes)
Event: 5.031 Thread 0x0000000016efc800 nmethod 506 0x00000000035587d0 code [0x0000000003558980, 0x00000000035591a8]
Event: 5.031 Thread 0x0000000016efc800  507       3       com.android.dx.ssa.SsaInsn::mapRegisters (35 bytes)
Event: 5.032 Thread 0x0000000016efc800 nmethod 507 0x00000000035594d0 code [0x0000000003559660, 0x0000000003559ac8]
Event: 5.032 Thread 0x0000000016efc800  508       3       com.android.dx.dex.code.CodeAddress::<init> (7 bytes)
Event: 5.032 Thread 0x0000000016efc800 nmethod 508 0x0000000003559c10 code [0x0000000003559d80, 0x000000000355a008]
Event: 5.032 Thread 0x0000000016efc800  509   !   3       com.android.dx.cf.code.BytecodeArray::parseInstruction (2764 bytes)
Event: 5.051 Thread 0x0000000015a8a000  525       4       java.util.HashMap::getNode (148 bytes)

GC Heap History (0 events):
No events

Deoptimization events (0 events):
No events

Internal exceptions (2 events):
Event: 0.690 Thread 0x0000000002c3e000 Exception <a 'java/lang/NoSuchMethodError': Method sun.misc.Unsafe.defineClass(Ljava/lang/String;[BII)Ljava/lang/Class; name or signature does not match> (0x00000000eab07c78) thrown at [C:\src\android\AOSP-openjdk\external\jetbrains\jdk\hotspot\src\share\vﬁÍGS‘Ê?
Event: 0.690 Thread 0x0000000002c3e000 Exception <a 'java/lang/NoSuchMethodError': Method sun.misc.Unsafe.prefetchRead(Ljava/lang/Object;J)V name or signature does not match> (0x00000000eab07f60) thrown at [C:\src\android\AOSP-openjdk\external\jetbrains\jdk\hotspot\src\share\vm\prims\jni.cpp, l

Events (10 events):
Event: 5.015 loading class com/android/dx/dex/code/StdCatchBuilder
Event: 5.015 loading class com/android/dx/dex/code/StdCatchBuilder done
Event: 5.017 loading class com/android/dx/dex/code/DalvCode
Event: 5.017 loading class com/android/dx/dex/code/DalvCode done
Event: 5.018 loading class com/android/dx/dex/file/DebugInfoItem
Event: 5.018 loading class com/android/dx/dex/file/DebugInfoItem done
Event: 5.019 loading class java/io/PrintWriter
Event: 5.019 loading class java/io/PrintWriter done
Event: 5.020 loading class com/android/dx/dex/file/FieldAnnotationStruct
Event: 5.020 loading class com/android/dx/dex/file/FieldAnnotationStruct done


Dynamic libraries:
0x00007ff6de920000 - 0x00007ff6de951000 	C:\Program Files\Android\Android Studio\jre\bin\java.exe
0x00007ffdccbd0000 - 0x00007ffdccd91000 	C:\WINDOWS\SYSTEM32\ntdll.dll
0x00007ffdca340000 - 0x00007ffdca3ed000 	C:\WINDOWS\system32\KERNEL32.DLL
0x00007ffdc92d0000 - 0x00007ffdc94b8000 	C:\WINDOWS\system32\KERNELBASE.dll
0x00007ffdcc930000 - 0x00007ffdcc9d7000 	C:\WINDOWS\system32\ADVAPI32.dll
0x00007ffdca5b0000 - 0x00007ffdca64d000 	C:\WINDOWS\system32\msvcrt.dll
0x00007ffdca650000 - 0x00007ffdca6ab000 	C:\WINDOWS\system32\sechost.dll
0x00007ffdcc9e0000 - 0x00007ffdccafc000 	C:\WINDOWS\system32\RPCRT4.dll
0x00007ffdcbfb0000 - 0x00007ffdcc106000 	C:\WINDOWS\system32\USER32.dll
0x00007ffdca870000 - 0x00007ffdca9f7000 	C:\WINDOWS\system32\GDI32.dll
0x00007ffdbeb00000 - 0x00007ffdbed74000 	C:\WINDOWS\WinSxS\amd64_microsoft.windows.common-controls_6595b64144ccf1df_6.0.10586.839_none_a2ddba30a539a2ae\COMCTL32.dll
0x00007ffdca060000 - 0x00007ffdca2de000 	C:\WINDOWS\system32\combase.dll
0x00007ffdc9ea0000 - 0x00007ffdc9f0a000 	C:\WINDOWS\system32\bcryptPrimitives.dll
0x00007ffdcaa00000 - 0x00007ffdcaa3b000 	C:\WINDOWS\system32\IMM32.DLL
0x0000000063f90000 - 0x0000000064062000 	C:\Program Files\Android\Android Studio\jre\jre\bin\msvcr100.dll
0x0000000062ee0000 - 0x000000006371c000 	C:\Program Files\Android\Android Studio\jre\jre\bin\server\jvm.dll
0x00007ffdcbfa0000 - 0x00007ffdcbfa8000 	C:\WINDOWS\system32\PSAPI.DLL
0x00007ffdc0410000 - 0x00007ffdc0419000 	C:\WINDOWS\SYSTEM32\WSOCK32.dll
0x00007ffdcc1c0000 - 0x00007ffdcc22b000 	C:\WINDOWS\system32\WS2_32.dll
0x00007ffdc74d0000 - 0x00007ffdc74f3000 	C:\WINDOWS\SYSTEM32\WINMM.dll
0x00007ffdbdf10000 - 0x00007ffdbdf1a000 	C:\WINDOWS\SYSTEM32\VERSION.dll
0x00007ffdc73e0000 - 0x00007ffdc740c000 	C:\WINDOWS\SYSTEM32\WINMMBASE.dll
0x00007ffdc9280000 - 0x00007ffdc92c3000 	C:\WINDOWS\system32\cfgmgr32.dll
0x00007ffdc0180000 - 0x00007ffdc018f000 	C:\Program Files\Android\Android Studio\jre\jre\bin\verify.dll
0x00007ffdb2c40000 - 0x00007ffdb2c69000 	C:\Program Files\Android\Android Studio\jre\jre\bin\java.dll
0x00007ffdb61b0000 - 0x00007ffdb61c6000 	C:\Program Files\Android\Android Studio\jre\jre\bin\zip.dll
0x00007ffdcaa40000 - 0x00007ffdcbf9c000 	C:\WINDOWS\system32\SHELL32.dll
0x00007ffdc9850000 - 0x00007ffdc9e94000 	C:\WINDOWS\system32\windows.storage.dll
0x00007ffdca810000 - 0x00007ffdca862000 	C:\WINDOWS\system32\shlwapi.dll
0x00007ffdc9200000 - 0x00007ffdc920f000 	C:\WINDOWS\system32\kernel.appcore.dll
0x00007ffdc9f10000 - 0x00007ffdc9fc5000 	C:\WINDOWS\system32\shcore.dll
0x00007ffdc9210000 - 0x00007ffdc925b000 	C:\WINDOWS\system32\powrprof.dll
0x00007ffdc9260000 - 0x00007ffdc9274000 	C:\WINDOWS\system32\profapi.dll

VM Arguments:
jvm_args: -Djava.awt.headless=true -Xmx1024M -Dfile.encoding=GBK -Duser.country=GB -Duser.language=en -Duser.variant 
java_command: com.android.dx.command.Main --dex --force-jumbo --num-threads=4 --multi-dex --output C:\Users\xiao\Desktop\DeskTop Files\HERE files\HERE-sdk\HERE-sdk\tutorial\BasicMapSolution\app\build\intermediates\transforms\dex\debug\folders\1000\10\classes_f7ebdc1120d30b2330d899fe4dcb38a0f7f082a8 C:\Users\xiao\.android\build-cache\0ef12a9cfdd1378ff8509c3af93305db28d0074f\output\jars\classes.jar
java_class_path (initial): C:\Users\xiao\AppData\Local\Android\sdk\build-tools\26.0.1\lib\dx.jar
Launcher Type: SUN_STANDARD

Environment Variables:
PATH=C:\Program Files (x86)\Intel\iCLS Client\;C:\Program Files\Intel\iCLS Client\;C:\WINDOWS\system32;C:\WINDOWS;C:\WINDOWS\System32\Wbem;C:\WINDOWS\System32\WindowsPowerShell\v1.0\;C:\Program Files (x86)\Intel\OpenCL SDK\2.0\bin\x86;C:\Program Files (x86)\Intel\OpenCL SDK\2.0\bin\x64;C:\Program Files\Intel\Intel(R) Management Engine Components\DAL;C:\Program Files\Intel\Intel(R) Management Engine Components\IPT;C:\Program Files (x86)\Intel\Intel(R) Management Engine Components\DAL;C:\Program Files (x86)\Intel\Intel(R) Management Engine Components\IPT;C:\Program Files\Intel\WiFi\bin\;C:\Program Files\Common Files\Intel\WirelessCommon\;C:\all kinds of software\folder for matlab installation\runtime\win64;C:\all kinds of software\folder for matlab installation\bin;C:\Program Files (x86)\Common Files\Ulead Systems\MPEG;C:\GCC\CodeBlocks\MinGW\bin;C:\opencv\build\x64\mingw\bin;C:\opencv\build\common\tbb\ia32\vc9;C:\opencv\build\common\tbb\intel64\vc9;C:\Users\xiao\Desktop\Phone\;C:\Program Files (x86)\Windows Live\Shared;C:\Program Files (x86)\Skype\Phone\;C:\Program Files (x86)\Windows Kits\8.1\Windows Performance Toolkit\;C:\Program Files\Microsoft SQL Server\120\Tools\Binn\;C:\Program Files (x86)\Windows Kits\10\Windows Performance Toolkit\;C:\Program Files\Microsoft SQL Server\130\Tools\Binn\;C:\opencv\build\x64\vc14\bin;C:\Program Files (x86)\GtkSharp\2.12\bin;C:\Program Files\Git\cmd;C:\Program Files\MiKTeX 2.9\miktex\bin\x64\;C:\Program Files (x86)\Microsoft Visual Studio\Common\Tools\WinNT;C:\Program Files (x86)\Microsoft Visual Studio\Common\MSDev98\Bin;C:\Program Files (x86)\Microsoft Visual Studio\Common\Tools;C:\Program Files (x86)\Microsoft Visual Studio\VC98\bin;C:\opencv\build\x64\vc12\bin;C:\opencv\build\x64\vc14\bin;C:\Program Files (x86)\kingsoft;C:\Users\xiao\AppData\Local\Programs\Python\Python36-32;C:\Users\xiao\AppData\Local\Programs\Python\Python36-32\Scripts;C:\opencv\build\bin;C:\Python27;C:\opencv\build\x64\vc14\bin
USERNAME=xiao
OS=Windows_NT
PROCESSOR_IDENTIFIER=Intel64 Family 6 Model 58 Stepping 9, GenuineIntel



---------------  S Y S T E M  ---------------

OS: Windows 10.0 , 64 bit Build 10586 (10.0.10586.589)

CPU:total 4 (2 cores per cpu, 2 threads per core) family 6 model 58 stepping 9, cmov, cx8, fxsr, mmx, sse, sse2, sse3, ssse3, sse4.1, sse4.2, popcnt, avx, aes, clmul, erms, ht, tsc, tscinvbit, tscinv

Memory: 4k page, physical 4088092k(311432k free), swap 6323532k(1480k free)

vm_info: OpenJDK 64-Bit Server VM (25.112-b06) for windows-amd64 JRE (1.8.0_112-release-b06), built on Dec  8 2016 00:54:26 by "builder" with MS VC++ 10.0 (VS2010)

time: Mon Oct 16 14:02:01 2017
elapsed time: 5 seconds (0d 0h 0m 5s)

