#
# There is insufficient memory for the Java Runtime Environment to continue.
# Native memory allocation (malloc) failed to allocate 1048576 bytes for AllocateHeap
# Possible reasons:
#   The system is out of physical RAM or swap space
#   In 32 bit mode, the process size limit was hit
# Possible solutions:
#   Reduce memory load on the system
#   Increase physical memory or swap space
#   Check if swap backing store is full
#   Use 64 bit Java on a 64 bit OS
#   Decrease Java heap size (-Xmx/-Xms)
#   Decrease number of Java threads
#   Decrease Java thread stack sizes (-Xss)
#   Set larger code cache with -XX:ReservedCodeCacheSize=
# This output file may be truncated or incomplete.
#
#  Out of Memory Error (memory/allocation.inline.hpp:61), pid=23784, tid=0x0000000000001338
#
# JRE version:  (8.0_112-b06) (build )
# Java VM: OpenJDK 64-Bit Server VM (25.112-b06 mixed mode windows-amd64 compressed oops)
# Failed to write core dump. Minidumps are not enabled by default on client versions of Windows
#

---------------  T H R E A D  ---------------

Current thread (0x00000000022ce000):  JavaThread "Unknown thread" [_thread_in_vm, id=4920, stack(0x0000000002620000,0x0000000002720000)]

Stack: [0x0000000002620000,0x0000000002720000]
[error occurred during error reporting (printing stack bounds), id 0xc0000005]

Native frames: (J=compiled Java code, j=interpreted, Vv=VM code, C=native code)


---------------  P R O C E S S  ---------------

Java Threads: ( => current thread )

Other Threads:

=>0x00000000022ce000 (exited) JavaThread "Unknown thread" [_thread_in_vm, id=4920, stack(0x0000000002620000,0x0000000002720000)]

VM state:not at safepoint (normal execution)

VM Mutex/Monitor currently owned by a thread: None

Heap:
 PSYoungGen      total 18944K, used 327K [0x00000000eab00000, 0x00000000ec000000, 0x0000000100000000)
  eden space 16384K, 2% used [0x00000000eab00000,0x00000000eab51ec8,0x00000000ebb00000)
  from space 2560K, 0% used [0x00000000ebd80000,0x00000000ebd80000,0x00000000ec000000)
  to   space 2560K, 0% used [0x00000000ebb00000,0x00000000ebb00000,0x00000000ebd80000)
 ParOldGen       total 44032K, used 0K [0x00000000c0000000, 0x00000000c2b00000, 0x00000000eab00000)
  object space 44032K, 0% used [0x00000000c0000000,0x00000000c0000000,0x00000000c2b00000)
 Metaspace       used 772K, capacity 4480K, committed 4480K, reserved 1056768K
  class space    used 73K, capacity 384K, committed 384K, reserved 1048576K

Card table byte_map: [0x0000000011be0000,0x0000000011df0000] byte_map_base: 0x00000000115e0000

Marking Bits: (ParMarkBitMap*) 0x00000000636a18f0
 Begin Bits: [0x0000000012350000, 0x0000000013350000)
 End Bits:   [0x0000000013350000, 0x0000000014350000)

Polling page: 0x00000000009f0000

CodeCache: size=245760Kb used=328Kb max_used=328Kb free=245431Kb
 bounds [0x0000000002820000, 0x0000000002a90000, 0x0000000011820000]
 total_blobs=57 nmethods=0 adapters=38
 compilation: enabled

Compilation events (0 events):
No events

GC Heap History (0 events):
No events

Deoptimization events (0 events):
No events

Internal exceptions (0 events):
No events

Events (10 events):
Event: 0.111 loading class java/lang/Short
Event: 0.112 loading class java/lang/Short done
Event: 0.112 loading class java/lang/Integer
Event: 0.112 loading class java/lang/Integer done
Event: 0.112 loading class java/lang/Long
Event: 0.112 loading class java/lang/Long done
Event: 0.113 loading class java/lang/NullPointerException
Event: 0.113 loading class java/lang/NullPointerException done
Event: 0.113 loading class java/lang/ArithmeticException
Event: 0.114 loading class java/lang/ArithmeticException done


Dynamic libraries:
0x00007ff6de920000 - 0x00007ff6de951000 	C:\Program Files\Android\Android Studio\jre\bin\java.exe
0x00007ffdccbd0000 - 0x00007ffdccd91000 	C:\WINDOWS\SYSTEM32\ntdll.dll
0x00007ffdca340000 - 0x00007ffdca3ed000 	C:\WINDOWS\system32\KERNEL32.DLL
0x00007ffdc92d0000 - 0x00007ffdc94b8000 	C:\WINDOWS\system32\KERNELBASE.dll
0x00007ffdcc930000 - 0x00007ffdcc9d7000 	C:\WINDOWS\system32\ADVAPI32.dll
0x00007ffdca5b0000 - 0x00007ffdca64d000 	C:\WINDOWS\system32\msvcrt.dll
0x00007ffdca650000 - 0x00007ffdca6ab000 	C:\WINDOWS\system32\sechost.dll
0x00007ffdcc9e0000 - 0x00007ffdccafc000 	C:\WINDOWS\system32\RPCRT4.dll
0x00007ffdcbfb0000 - 0x00007ffdcc106000 	C:\WINDOWS\system32\USER32.dll
0x00007ffdca870000 - 0x00007ffdca9f7000 	C:\WINDOWS\system32\GDI32.dll
0x00007ffdbeb00000 - 0x00007ffdbed74000 	C:\WINDOWS\WinSxS\amd64_microsoft.windows.common-controls_6595b64144ccf1df_6.0.10586.839_none_a2ddba30a539a2ae\COMCTL32.dll
0x00007ffdca060000 - 0x00007ffdca2de000 	C:\WINDOWS\system32\combase.dll
0x00007ffdc9ea0000 - 0x00007ffdc9f0a000 	C:\WINDOWS\system32\bcryptPrimitives.dll
0x00007ffdcaa00000 - 0x00007ffdcaa3b000 	C:\WINDOWS\system32\IMM32.DLL
0x0000000063f90000 - 0x0000000064062000 	C:\Program Files\Android\Android Studio\jre\jre\bin\msvcr100.dll
0x0000000062ee0000 - 0x000000006371c000 	C:\Program Files\Android\Android Studio\jre\jre\bin\server\jvm.dll
0x00007ffdcbfa0000 - 0x00007ffdcbfa8000 	C:\WINDOWS\system32\PSAPI.DLL
0x00007ffdc0410000 - 0x00007ffdc0419000 	C:\WINDOWS\SYSTEM32\WSOCK32.dll
0x00007ffdcc1c0000 - 0x00007ffdcc22b000 	C:\WINDOWS\system32\WS2_32.dll
0x00007ffdc74d0000 - 0x00007ffdc74f3000 	C:\WINDOWS\SYSTEM32\WINMM.dll
0x00007ffdbdf10000 - 0x00007ffdbdf1a000 	C:\WINDOWS\SYSTEM32\VERSION.dll
0x00007ffdc73e0000 - 0x00007ffdc740c000 	C:\WINDOWS\SYSTEM32\WINMMBASE.dll
0x00007ffdc9280000 - 0x00007ffdc92c3000 	C:\WINDOWS\system32\cfgmgr32.dll
0x00007ffdc0180000 - 0x00007ffdc018f000 	C:\Program Files\Android\Android Studio\jre\jre\bin\verify.dll
0x00007ffdb2c40000 - 0x00007ffdb2c69000 	C:\Program Files\Android\Android Studio\jre\jre\bin\java.dll
0x00007ffdb61b0000 - 0x00007ffdb61c6000 	C:\Program Files\Android\Android Studio\jre\jre\bin\zip.dll

VM Arguments:
jvm_args: -Djava.awt.headless=true -Xmx1024M -Dfile.encoding=GBK -Duser.country=GB -Duser.language=en -Duser.variant 
java_command: com.android.dx.command.Main --dex --force-jumbo --num-threads=4 --multi-dex --output C:\Users\xiao\Desktop\DeskTop Files\HERE files\HERE-sdk\HERE-sdk\tutorial\BasicMapSolution\app\build\intermediates\transforms\dex\debug\folders\1000\10\classes_5e337de1a95497099606f599f363153577f07551 C:\Users\xiao\.android\build-cache\bec2ba4548a44f368be32e8d05618ba299e227fa\output\jars\classes.jar
java_class_path (initial): C:\Users\xiao\AppData\Local\Android\sdk\build-tools\26.0.1\lib\dx.jar
Launcher Type: SUN_STANDARD

Environment Variables:
PATH=C:\Program Files (x86)\Intel\iCLS Client\;C:\Program Files\Intel\iCLS Client\;C:\WINDOWS\system32;C:\WINDOWS;C:\WINDOWS\System32\Wbem;C:\WINDOWS\System32\WindowsPowerShell\v1.0\;C:\Program Files (x86)\Intel\OpenCL SDK\2.0\bin\x86;C:\Program Files (x86)\Intel\OpenCL SDK\2.0\bin\x64;C:\Program Files\Intel\Intel(R) Management Engine Components\DAL;C:\Program Files\Intel\Intel(R) Management Engine Components\IPT;C:\Program Files (x86)\Intel\Intel(R) Management Engine Components\DAL;C:\Program Files (x86)\Intel\Intel(R) Management Engine Components\IPT;C:\Program Files\Intel\WiFi\bin\;C:\Program Files\Common Files\Intel\WirelessCommon\;C:\all kinds of software\folder for matlab installation\runtime\win64;C:\all kinds of software\folder for matlab installation\bin;C:\Program Files (x86)\Common Files\Ulead Systems\MPEG;C:\GCC\CodeBlocks\MinGW\bin;C:\opencv\build\x64\mingw\bin;C:\opencv\build\common\tbb\ia32\vc9;C:\opencv\build\common\tbb\intel64\vc9;C:\Users\xiao\Desktop\Phone\;C:\Program Files (x86)\Windows Live\Shared;C:\Program Files (x86)\Skype\Phone\;C:\Program Files (x86)\Windows Kits\8.1\Windows Performance Toolkit\;C:\Program Files\Microsoft SQL Server\120\Tools\Binn\;C:\Program Files (x86)\Windows Kits\10\Windows Performance Toolkit\;C:\Program Files\Microsoft SQL Server\130\Tools\Binn\;C:\opencv\build\x64\vc14\bin;C:\Program Files (x86)\GtkSharp\2.12\bin;C:\Program Files\Git\cmd;C:\Program Files\MiKTeX 2.9\miktex\bin\x64\;C:\Program Files (x86)\Microsoft Visual Studio\Common\Tools\WinNT;C:\Program Files (x86)\Microsoft Visual Studio\Common\MSDev98\Bin;C:\Program Files (x86)\Microsoft Visual Studio\Common\Tools;C:\Program Files (x86)\Microsoft Visual Studio\VC98\bin;C:\opencv\build\x64\vc12\bin;C:\opencv\build\x64\vc14\bin;C:\Program Files (x86)\kingsoft;C:\Users\xiao\AppData\Local\Programs\Python\Python36-32;C:\Users\xiao\AppData\Local\Programs\Python\Python36-32\Scripts;C:\opencv\build\bin;C:\Python27;C:\opencv\build\x64\vc14\bin
USERNAME=xiao
OS=Windows_NT
PROCESSOR_IDENTIFIER=Intel64 Family 6 Model 58 Stepping 9, GenuineIntel



---------------  S Y S T E M  ---------------

OS: Windows 10.0 , 64 bit Build 10586 (10.0.10586.589)

CPU:total 4 (2 cores per cpu, 2 threads per core) family 6 model 58 stepping 9, cmov, cx8, fxsr, mmx, sse, sse2, sse3, ssse3, sse4.1, sse4.2, popcnt, avx, aes, clmul, erms, ht, tsc, tscinvbit, tscinv

Memory: 4k page, physical 4088092k(362688k free), swap 6323532k(5992k free)

vm_info: OpenJDK 64-Bit Server VM (25.112-b06) for windows-amd64 JRE (1.8.0_112-release-b06), built on Dec  8 2016 00:54:26 by "builder" with MS VC++ 10.0 (VS2010)

time: Mon Oct 16 14:02:03 2017
elapsed time: 0 seconds (0d 0h 0m 0s)

